<?xml version="1.0" encoding="UTF-8"?>
<!-- Generated by org.testng.reporters.JUnitReportReporter -->
<testsuite hostname="Khaleds-MacBook-Pro.local" failures="0" tests="2" name="testCases.Test1" time="0.005" errors="0" timestamp="09 Jun 2021 19:23:18 GMT" skipped="0">
  <testcase classname="testCases.Test1" name="test_login" time="0.004"/>
  <testcase classname="testCases.Test1" name="test_logout" time="0.001"/>
</testsuite> <!-- testCases.Test1 -->
